2024-11-21T15:29:50.061Z 0: 

----------------------------------------------
2024-11-21T15:29:50.067Z 1: Discord starting: {"releaseChannel":"stable","version":"0.0.73"}, modulepath: /home/josh/.config/discord/0.0.73/modules
2024-11-21T15:29:50.070Z 2: ✅ webContents.created web1 ""
2024-11-21T15:29:50.072Z 3: ✅ window.created win1 "discord"
2024-11-21T15:29:50.294Z 4: ✅ webContents.did-finish-load web1
2024-11-21T15:30:00.113Z 5: ✅ webContents.created web2 ""
2024-11-21T15:30:00.121Z 6: ✅ window.created win2 "Discord"
2024-11-21T15:30:06.910Z 7: ✅ webContents.did-finish-load web2
2024-11-21T15:30:07.010Z 8: window.close win1
2024-11-21T15:30:07.015Z 9: webContents.destroyed web1
2024-11-21T15:30:07.015Z 10: window.closed win1
2024-11-22T14:14:44.432Z 11: before-quit
2024-11-22T23:22:11.974Z 0: 

----------------------------------------------
2024-11-22T23:22:11.980Z 1: Discord starting: {"releaseChannel":"stable","version":"0.0.73"}, modulepath: /home/josh/.config/discord/0.0.73/modules
2024-11-22T23:22:11.983Z 2: ✅ webContents.created web1 ""
2024-11-22T23:22:11.983Z 3: ✅ window.created win1 "discord"
2024-11-22T23:22:12.212Z 4: ✅ webContents.did-finish-load web1
2024-11-22T23:22:12.401Z 5: ✅ webContents.created web2 ""
2024-11-22T23:22:12.409Z 6: ✅ window.created win2 "Discord"
2024-11-22T23:22:14.380Z 7: ✅ webContents.did-finish-load web2
2024-11-22T23:22:14.481Z 8: window.close win1
2024-11-22T23:22:14.486Z 9: webContents.destroyed web1
2024-11-22T23:22:14.487Z 10: window.closed win1
2024-12-08T19:18:43.916Z 11: before-quit
